# JRE version: OpenJDK Runtime Environment (8.0_152-b01) (build 1.8.0_152-release-915-b01)
# Java VM: OpenJDK 64-Bit Server VM (25.152-b01 mixed mode linux-amd64 compressed oops)
Heap:
 PSYoungGen      total 218624K, used 27839K [0x00000000e0000000, 0x00000000ef780000, 0x0000000100000000)
  eden space 183808K, 0% used [0x00000000e0000000,0x00000000e0000000,0x00000000eb380000)
  from space 34816K, 79% used [0x00000000eb380000,0x00000000eceafc98,0x00000000ed580000)
  to   space 26624K, 0% used [0x00000000edd80000,0x00000000edd80000,0x00000000ef780000)
 ParOldGen       total 87552K, used 61036K [0x00000000a0000000, 0x00000000a5580000, 0x00000000e0000000)
  object space 87552K, 69% used [0x00000000a0000000,0x00000000a3b9b0e0,0x00000000a5580000)
 Metaspace       used 79518K, capacity 83838K, committed 84056K, reserved 1122304K
  class space    used 10387K, capacity 11389K, committed 11392K, reserved 1048576K
GC Heap History (10 events):
Event: 112.098 GC heap after
Heap after GC invocations=19 (full 3):
 PSYoungGen      total 225792K, used 15217K [0x00000000e0000000, 0x00000000ef200000, 0x0000000100000000)
  eden space 210432K, 0% used [0x00000000e0000000,0x00000000e0000000,0x00000000ecd80000)
  from space 15360K, 99% used [0x00000000ee300000,0x00000000ef1dc5d8,0x00000000ef200000)
  to   space 17920K, 0% used [0x00000000ecf00000,0x00000000ecf00000,0x00000000ee080000)
 ParOldGen       total 87552K, used 34550K [0x00000000a0000000, 0x00000000a5580000, 0x00000000e0000000)
  object space 87552K, 39% used [0x00000000a0000000,0x00000000a21bdbd0,0x00000000a5580000)
 Metaspace       used 65006K, capacity 67636K, committed 67928K, reserved 1107968K
  class space    used 8656K, capacity 9239K, committed 9344K, reserved 1048576K
}
Event: 1624.266 GC heap before
{Heap before GC invocations=20 (full 3):
 PSYoungGen      total 225792K, used 225649K [0x00000000e0000000, 0x00000000ef200000, 0x0000000100000000)
  eden space 210432K, 100% used [0x00000000e0000000,0x00000000ecd80000,0x00000000ecd80000)
  from space 15360K, 99% used [0x00000000ee300000,0x00000000ef1dc5d8,0x00000000ef200000)
  to   space 17920K, 0% used [0x00000000ecf00000,0x00000000ecf00000,0x00000000ee080000)
 ParOldGen       total 87552K, used 34550K [0x00000000a0000000, 0x00000000a5580000, 0x00000000e0000000)
  object space 87552K, 39% used [0x00000000a0000000,0x00000000a21bdbd0,0x00000000a5580000)
 Metaspace       used 71810K, capacity 74868K, committed 74968K, reserved 1114112K
  class space    used 9427K, capacity 10160K, committed 10240K, reserved 1048576K
Event: 1624.330 GC heap after
Heap after GC invocations=20 (full 3):
 PSYoungGen      total 220160K, used 17907K [0x00000000e0000000, 0x00000000eef80000, 0x0000000100000000)
  eden space 202240K, 0% used [0x00000000e0000000,0x00000000e0000000,0x00000000ec580000)
  from space 17920K, 99% used [0x00000000ecf00000,0x00000000ee07cfe8,0x00000000ee080000)
  to   space 15360K, 0% used [0x00000000ee080000,0x00000000ee080000,0x00000000eef80000)
 ParOldGen       total 87552K, used 36771K [0x00000000a0000000, 0x00000000a5580000, 0x00000000e0000000)
  object space 87552K, 42% used [0x00000000a0000000,0x00000000a23e8fa8,0x00000000a5580000)
 Metaspace       used 71810K, capacity 74868K, committed 74968K, reserved 1114112K
  class space    used 9427K, capacity 10160K, committed 10240K, reserved 1048576K
}
Event: 1628.057 GC heap before
{Heap before GC invocations=21 (full 3):
 PSYoungGen      total 220160K, used 220147K [0x00000000e0000000, 0x00000000eef80000, 0x0000000100000000)
  eden space 202240K, 100% used [0x00000000e0000000,0x00000000ec580000,0x00000000ec580000)
  from space 17920K, 99% used [0x00000000ecf00000,0x00000000ee07cfe8,0x00000000ee080000)
  to   space 15360K, 0% used [0x00000000ee080000,0x00000000ee080000,0x00000000eef80000)
 ParOldGen       total 87552K, used 36771K [0x00000000a0000000, 0x00000000a5580000, 0x00000000e0000000)
  object space 87552K, 42% used [0x00000000a0000000,0x00000000a23e8fa8,0x00000000a5580000)
 Metaspace       used 77395K, capacity 81062K, committed 81240K, reserved 1120256K
  class space    used 10168K, capacity 11028K, committed 11136K, reserved 1048576K
Event: 1628.118 GC heap after
Heap after GC invocations=21 (full 3):
 PSYoungGen      total 214016K, used 15330K [0x00000000e0000000, 0x00000000f1800000, 0x0000000100000000)
  eden space 198656K, 0% used [0x00000000e0000000,0x00000000e0000000,0x00000000ec200000)
  from space 15360K, 99% used [0x00000000ee080000,0x00000000eef78b60,0x00000000eef80000)
  to   space 31232K, 0% used [0x00000000ec200000,0x00000000ec200000,0x00000000ee080000)
 ParOldGen       total 87552K, used 60988K [0x00000000a0000000, 0x00000000a5580000, 0x00000000e0000000)
  object space 87552K, 69% used [0x00000000a0000000,0x00000000a3b8f0e0,0x00000000a5580000)
 Metaspace       used 77395K, capacity 81062K, committed 81240K, reserved 1120256K
  class space    used 10168K, capacity 11028K, committed 11136K, reserved 1048576K
}
Event: 1634.359 GC heap before
{Heap before GC invocations=22 (full 3):
 PSYoungGen      total 214016K, used 213986K [0x00000000e0000000, 0x00000000f1800000, 0x0000000100000000)
  eden space 198656K, 100% used [0x00000000e0000000,0x00000000ec200000,0x00000000ec200000)
  from space 15360K, 99% used [0x00000000ee080000,0x00000000eef78b60,0x00000000eef80000)
  to   space 31232K, 0% used [0x00000000ec200000,0x00000000ec200000,0x00000000ee080000)
 ParOldGen       total 87552K, used 60988K [0x00000000a0000000, 0x00000000a5580000, 0x00000000e0000000)
  object space 87552K, 69% used [0x00000000a0000000,0x00000000a3b8f0e0,0x00000000a5580000)
 Metaspace       used 78930K, capacity 83066K, committed 83288K, reserved 1122304K
  class space    used 10360K, capacity 11327K, committed 11392K, reserved 1048576K
Event: 1634.396 GC heap after
Heap after GC invocations=22 (full 3):
 PSYoungGen      total 219136K, used 27827K [0x00000000e0000000, 0x00000000efe80000, 0x0000000100000000)
  eden space 190976K, 0% used [0x00000000e0000000,0x00000000e0000000,0x00000000eba80000)
  from space 28160K, 98% used [0x00000000ec200000,0x00000000edd2cd18,0x00000000edd80000)
  to   space 33792K, 0% used [0x00000000edd80000,0x00000000edd80000,0x00000000efe80000)
 ParOldGen       total 87552K, used 61020K [0x00000000a0000000, 0x00000000a5580000, 0x00000000e0000000)
  object space 87552K, 69% used [0x00000000a0000000,0x00000000a3b970e0,0x00000000a5580000)
 Metaspace       used 78930K, capacity 83066K, committed 83288K, reserved 1122304K
  class space    used 10360K, capacity 11327K, committed 11392K, reserved 1048576K
}
Event: 10261.864 GC heap before
{Heap before GC invocations=23 (full 3):
 PSYoungGen      total 219136K, used 218803K [0x00000000e0000000, 0x00000000efe80000, 0x0000000100000000)
  eden space 190976K, 100% used [0x00000000e0000000,0x00000000eba80000,0x00000000eba80000)
  from space 28160K, 98% used [0x00000000ec200000,0x00000000edd2cd18,0x00000000edd80000)
  to   space 33792K, 0% used [0x00000000edd80000,0x00000000edd80000,0x00000000efe80000)
 ParOldGen       total 87552K, used 61020K [0x00000000a0000000, 0x00000000a5580000, 0x00000000e0000000)
  object space 87552K, 69% used [0x00000000a0000000,0x00000000a3b970e0,0x00000000a5580000)
 Metaspace       used 79175K, capacity 83510K, committed 83544K, reserved 1122304K
  class space    used 10380K, capacity 11379K, committed 11392K, reserved 1048576K
Event: 10265.613 GC heap after
Heap after GC invocations=23 (full 3):
 PSYoungGen      total 210432K, used 19058K [0x00000000e0000000, 0x00000000ef780000, 0x0000000100000000)
  eden space 183808K, 0% used [0x00000000e0000000,0x00000000e0000000,0x00000000eb380000)
  from space 26624K, 71% used [0x00000000edd80000,0x00000000ef01cb90,0x00000000ef780000)
  to   space 34816K, 0% used [0x00000000eb380000,0x00000000eb380000,0x00000000ed580000)
 ParOldGen       total 87552K, used 61028K [0x00000000a0000000, 0x00000000a5580000, 0x00000000e0000000)
  object space 87552K, 69% used [0x00000000a0000000,0x00000000a3b990e0,0x00000000a5580000)
 Metaspace       used 79175K, capacity 83510K, committed 83544K, reserved 1122304K
  class space    used 10380K, capacity 11379K, committed 11392K, reserved 1048576K
}
Event: 10304.064 GC heap before
{Heap before GC invocations=24 (full 3):
 PSYoungGen      total 210432K, used 202581K [0x00000000e0000000, 0x00000000ef780000, 0x0000000100000000)
  eden space 183808K, 99% used [0x00000000e0000000,0x00000000eb338c50,0x00000000eb380000)
  from space 26624K, 71% used [0x00000000edd80000,0x00000000ef01cb90,0x00000000ef780000)
  to   space 34816K, 0% used [0x00000000eb380000,0x00000000eb380000,0x00000000ed580000)
 ParOldGen       total 87552K, used 61028K [0x00000000a0000000, 0x00000000a5580000, 0x00000000e0000000)
  object space 87552K, 69% used [0x00000000a0000000,0x00000000a3b990e0,0x00000000a5580000)
 Metaspace       used 79518K, capacity 83838K, committed 84056K, reserved 1122304K
  class space    used 10387K, capacity 11389K, committed 11392K, reserved 1048576K

